<?xml version="1.0" encoding="UTF-8"?>
<testsuite xmlns:xsi="http://www.w3.org/2001/XMLSchema-instance" xsi:noNamespaceSchemaLocation="https://maven.apache.org/surefire/maven-surefire-plugin/xsd/surefire-test-report-3.0.xsd" version="3.0" name="OrderTest" time="9.965" tests="2" errors="0" skipped="0" failures="0">
  <properties>
[...]
</properties>
  <testcase name="scooterOrderTest[0]" classname="OrderTest" time="5.32">
    <system-err><![CDATA[1717836972845	geckodriver	INFO	Listening on 127.0.0.1:37317
1717836972856	mozrunner::runner	INFO	Running command: "C:\\Program Files\\Mozilla Firefox\\firefox.exe" "--marionette" "-no-remote" "-profile" "C:\\Temp\\rust_mozprofileV05XrV"
console.warn: services.settings: Ignoring preference override of remote settings server
console.warn: services.settings: Allow by setting MOZ_REMOTE_SETTINGS_DEVTOOLS=1 in the environment
1717836973083	Marionette	INFO	Marionette enabled
Dynamically enable window occlusion 0
1717836973341	Marionette	INFO	Listening on port 60343
Read port: 60343
1717836973435	RemoteAgent	WARN	TLS certificate errors will be ignored for this session
июн. 08, 2024 1:56:15 PM org.openqa.selenium.remote.ProtocolHandshake createSession
INFO: Detected dialect: W3C
console.error: (new TypeError("this._searchProviderInfo is null", "resource:///modules/SearchSERPTelemetry.sys.mjs", 945))
console.error: (new TypeError("linkMap is undefined", "resource://gre/modules/NewTabUtils.sys.mjs", 2003))
console.error: ({})
1717836977596	Marionette	INFO	Stopped listening on port 60343
Dynamically enable window occlusion 1
]]></system-err>
  </testcase>
  <testcase name="scooterOrderTest[1]" classname="OrderTest" time="4.644">
    <system-err><![CDATA[1717836978171	geckodriver	INFO	Listening on 127.0.0.1:32763
1717836978201	mozrunner::runner	INFO	Running command: "C:\\Program Files\\Mozilla Firefox\\firefox.exe" "--marionette" "-no-remote" "-profile" "C:\\Temp\\rust_mozprofile83Y66c"
console.warn: services.settings: Ignoring preference override of remote settings server
console.warn: services.settings: Allow by setting MOZ_REMOTE_SETTINGS_DEVTOOLS=1 in the environment
1717836978441	Marionette	INFO	Marionette enabled
Dynamically enable window occlusion 0
1717836978722	Marionette	INFO	Listening on port 60379
Read port: 60379
1717836978819	RemoteAgent	WARN	TLS certificate errors will be ignored for this session
июн. 08, 2024 1:56:19 PM org.openqa.selenium.remote.ProtocolHandshake createSession
INFO: Detected dialect: W3C
console.error: ({})
1717836982239	Marionette	INFO	Stopped listening on port 60379
Dynamically enable window occlusion 1
]]></system-err>
  </testcase>
</testsuite>