<?xml version="1.0" encoding="UTF-8"?>
<testsuite xmlns:xsi="http://www.w3.org/2001/XMLSchema-instance" xsi:noNamespaceSchemaLocation="https://maven.apache.org/surefire/maven-surefire-plugin/xsd/surefire-test-report-3.0.xsd" version="3.0" name="MainPageFAQTest" time="28.506" tests="8" errors="0" skipped="0" failures="0">
  <properties>
[...]
</properties>
  <testcase name="AccordationTest[0]" classname="MainPageFAQTest" time="3.515">
    <system-err><![CDATA[SLF4J(W): No SLF4J providers were found.
SLF4J(W): Defaulting to no-operation (NOP) logger implementation
SLF4J(W): See https://www.slf4j.org/codes.html#noProviders for further details.
1717836944740	geckodriver	INFO	Listening on 127.0.0.1:41984
1717836944857	mozrunner::runner	INFO	Running command: "C:\\Program Files\\Mozilla Firefox\\firefox.exe" "--marionette" "-no-remote" "-profile" "C:\\Temp\\rust_mozprofileRRW1Kl"
console.warn: services.settings: Ignoring preference override of remote settings server
console.warn: services.settings: Allow by setting MOZ_REMOTE_SETTINGS_DEVTOOLS=1 in the environment
1717836945084	Marionette	INFO	Marionette enabled
Dynamically enable window occlusion 0
1717836945374	Marionette	INFO	Listening on port 60101
Read port: 60101
1717836945514	RemoteAgent	WARN	TLS certificate errors will be ignored for this session
июн. 08, 2024 1:55:46 PM org.openqa.selenium.remote.ProtocolHandshake createSession
INFO: Detected dialect: W3C
console.error: ({})
1717836947354	Marionette	INFO	Stopped listening on port 60101
Dynamically enable window occlusion 1
]]></system-err>
  </testcase>
  <testcase name="AccordationTest[1]" classname="MainPageFAQTest" time="3.198">
    <system-err><![CDATA[1717836947887	geckodriver	INFO	Listening on 127.0.0.1:19044
1717836947899	mozrunner::runner	INFO	Running command: "C:\\Program Files\\Mozilla Firefox\\firefox.exe" "--marionette" "-no-remote" "-profile" "C:\\Temp\\rust_mozprofilelCE1kB"
console.warn: services.settings: Ignoring preference override of remote settings server
console.warn: services.settings: Allow by setting MOZ_REMOTE_SETTINGS_DEVTOOLS=1 in the environment
1717836948131	Marionette	INFO	Marionette enabled
Dynamically enable window occlusion 0
1717836948398	Marionette	INFO	Listening on port 60131
Read port: 60131
1717836948479	RemoteAgent	WARN	TLS certificate errors will be ignored for this session
июн. 08, 2024 1:55:49 PM org.openqa.selenium.remote.ProtocolHandshake createSession
INFO: Detected dialect: W3C
console.error: ({})
1717836950498	Marionette	INFO	Stopped listening on port 60131
Dynamically enable window occlusion 1
]]></system-err>
  </testcase>
  <testcase name="AccordationTest[2]" classname="MainPageFAQTest" time="4.163">
    <system-err><![CDATA[1717836951086	geckodriver	INFO	Listening on 127.0.0.1:41037
1717836951107	mozrunner::runner	INFO	Running command: "C:\\Program Files\\Mozilla Firefox\\firefox.exe" "--marionette" "-no-remote" "-profile" "C:\\Temp\\rust_mozprofilelOp24I"
console.warn: services.settings: Ignoring preference override of remote settings server
console.warn: services.settings: Allow by setting MOZ_REMOTE_SETTINGS_DEVTOOLS=1 in the environment
1717836951335	Marionette	INFO	Marionette enabled
Dynamically enable window occlusion 0
1717836951593	Marionette	INFO	Listening on port 60163
Read port: 60163
1717836951685	RemoteAgent	WARN	TLS certificate errors will be ignored for this session
июн. 08, 2024 1:55:52 PM org.openqa.selenium.remote.ProtocolHandshake createSession
INFO: Detected dialect: W3C
console.error: ({})
1717836954696	Marionette	INFO	Stopped listening on port 60163
Dynamically enable window occlusion 1
]]></system-err>
  </testcase>
  <testcase name="AccordationTest[3]" classname="MainPageFAQTest" time="4.44">
    <system-err><![CDATA[1717836955252	geckodriver	INFO	Listening on 127.0.0.1:10631
1717836955263	mozrunner::runner	INFO	Running command: "C:\\Program Files\\Mozilla Firefox\\firefox.exe" "--marionette" "-no-remote" "-profile" "C:\\Temp\\rust_mozprofileVZRcst"
console.warn: services.settings: Ignoring preference override of remote settings server
console.warn: services.settings: Allow by setting MOZ_REMOTE_SETTINGS_DEVTOOLS=1 in the environment
1717836955487	Marionette	INFO	Marionette enabled
Dynamically enable window occlusion 0
1717836955763	Marionette	INFO	Listening on port 60200
Read port: 60200
1717836955845	RemoteAgent	WARN	TLS certificate errors will be ignored for this session
июн. 08, 2024 1:55:56 PM org.openqa.selenium.remote.ProtocolHandshake createSession
INFO: Detected dialect: W3C
console.error: ({})
1717836959097	Marionette	INFO	Stopped listening on port 60200
Dynamically enable window occlusion 1
]]></system-err>
  </testcase>
  <testcase name="AccordationTest[4]" classname="MainPageFAQTest" time="3.634">
    <system-err><![CDATA[1717836959681	geckodriver	INFO	Listening on 127.0.0.1:32941
1717836959692	mozrunner::runner	INFO	Running command: "C:\\Program Files\\Mozilla Firefox\\firefox.exe" "--marionette" "-no-remote" "-profile" "C:\\Temp\\rust_mozprofileQh3eUj"
console.warn: services.settings: Ignoring preference override of remote settings server
console.warn: services.settings: Allow by setting MOZ_REMOTE_SETTINGS_DEVTOOLS=1 in the environment
1717836959958	Marionette	INFO	Marionette enabled
Dynamically enable window occlusion 0
1717836960264	Marionette	INFO	Listening on port 60236
Read port: 60236
1717836960372	RemoteAgent	WARN	TLS certificate errors will be ignored for this session
июн. 08, 2024 1:56:01 PM org.openqa.selenium.remote.ProtocolHandshake createSession
INFO: Detected dialect: W3C
console.error: ({})
1717836962741	Marionette	INFO	Stopped listening on port 60236
Dynamically enable window occlusion 1
]]></system-err>
  </testcase>
  <testcase name="AccordationTest[5]" classname="MainPageFAQTest" time="2.889">
    <system-err><![CDATA[1717836963315	geckodriver	INFO	Listening on 127.0.0.1:5893
1717836963326	mozrunner::runner	INFO	Running command: "C:\\Program Files\\Mozilla Firefox\\firefox.exe" "--marionette" "-no-remote" "-profile" "C:\\Temp\\rust_mozprofileYnuP97"
console.warn: services.settings: Ignoring preference override of remote settings server
console.warn: services.settings: Allow by setting MOZ_REMOTE_SETTINGS_DEVTOOLS=1 in the environment
1717836963550	Marionette	INFO	Marionette enabled
Dynamically enable window occlusion 0
1717836963813	Marionette	INFO	Listening on port 60263
Read port: 60263
1717836963906	RemoteAgent	WARN	TLS certificate errors will be ignored for this session
июн. 08, 2024 1:56:04 PM org.openqa.selenium.remote.ProtocolHandshake createSession
INFO: Detected dialect: W3C
console.error: ({})
1717836965644	Marionette	INFO	Stopped listening on port 60263
Dynamically enable window occlusion 1
]]></system-err>
  </testcase>
  <testcase name="AccordationTest[6]" classname="MainPageFAQTest" time="3.554">
    <system-err><![CDATA[1717836966198	geckodriver	INFO	Listening on 127.0.0.1:28066
1717836966206	mozrunner::runner	INFO	Running command: "C:\\Program Files\\Mozilla Firefox\\firefox.exe" "--marionette" "-no-remote" "-profile" "C:\\Temp\\rust_mozprofileVDrn31"
console.warn: services.settings: Ignoring preference override of remote settings server
console.warn: services.settings: Allow by setting MOZ_REMOTE_SETTINGS_DEVTOOLS=1 in the environment
1717836966428	Marionette	INFO	Marionette enabled
Dynamically enable window occlusion 0
1717836966687	Marionette	INFO	Listening on port 60289
Read port: 60289
1717836966782	RemoteAgent	WARN	TLS certificate errors will be ignored for this session
июн. 08, 2024 1:56:07 PM org.openqa.selenium.remote.ProtocolHandshake createSession
INFO: Detected dialect: W3C
console.error: ({})
1717836969180	Marionette	INFO	Stopped listening on port 60289
Dynamically enable window occlusion 1
]]></system-err>
  </testcase>
  <testcase name="AccordationTest[7]" classname="MainPageFAQTest" time="3.08">
    <system-err><![CDATA[1717836969752	geckodriver	INFO	Listening on 127.0.0.1:39501
1717836969764	mozrunner::runner	INFO	Running command: "C:\\Program Files\\Mozilla Firefox\\firefox.exe" "--marionette" "-no-remote" "-profile" "C:\\Temp\\rust_mozprofile4Ai6v5"
console.warn: services.settings: Ignoring preference override of remote settings server
console.warn: services.settings: Allow by setting MOZ_REMOTE_SETTINGS_DEVTOOLS=1 in the environment
1717836969990	Marionette	INFO	Marionette enabled
Dynamically enable window occlusion 0
1717836970264	Marionette	INFO	Listening on port 60317
Read port: 60317
1717836970345	RemoteAgent	WARN	TLS certificate errors will be ignored for this session
июн. 08, 2024 1:56:11 PM org.openqa.selenium.remote.ProtocolHandshake createSession
INFO: Detected dialect: W3C
console.error: ({})
1717836972212	Marionette	INFO	Stopped listening on port 60317
Dynamically enable window occlusion 1
]]></system-err>
  </testcase>
</testsuite>